#
# A fatal error has been detected by the Java Runtime Environment:
#
#  Internal Error (javaClasses.cpp:129), pid=10180, tid=9668
#  fatal error: Invalid layout of preloaded class
#
# JRE version: 7.0_25-b17
# Java VM: Java HotSpot(TM) 64-Bit Server VM (23.25-b01 mixed mode windows-amd64 compressed oops)
# Failed to write core dump. Minidumps are not enabled by default on client versions of Windows
#
# If you would like to submit a bug report, please visit:
#   http://bugreport.sun.com/bugreport/crash.jsp
#

---------------  T H R E A D  ---------------

Current thread (0x00000000031ce000):  JavaThread "Unknown thread" [_thread_in_vm, id=9668, stack(0x0000000002e50000,0x0000000002f50000)]

Stack: [0x0000000002e50000,0x0000000002f50000]

---------------  P R O C E S S  ---------------

Java Threads: ( => current thread )

Other Threads:

=>0x00000000031ce000 (exited) JavaThread "Unknown thread" [_thread_in_vm, id=9668, stack(0x0000000002e50000,0x0000000002f50000)]

VM state:not at safepoint (not fully initialized)

VM Mutex/Monitor currently owned by a thread: None

GC Heap History (0 events):
No events

Deoptimization events (0 events):
No events

Internal exceptions (0 events):
No events

Events (10 events):
Event: 0.028 loading class 0x0000000003039af0 done
Event: 0.028 loading class 0x0000000003039fa0 done
Event: 0.028 loading class 0x0000000003039ee0
Event: 0.028 loading class 0x0000000003041720
Event: 0.029 loading class 0x0000000003041720 done
Event: 0.029 loading class 0x0000000003041860
Event: 0.029 loading class 0x0000000003041860 done
Event: 0.029 loading class 0x000000000936eef0
Event: 0.029 loading class 0x000000000936eef0 done
Event: 0.029 loading class 0x0000000003039ee0 done


Dynamic libraries:
0x00007ff733e20000 - 0x00007ff733e53000 	C:\Program Files\Java\jre7\bin\javaw.exe
0x00007fff5c9e0000 - 0x00007fff5cb89000 	C:\WINDOWS\SYSTEM32\ntdll.dll
0x00007fff5b370000 - 0x00007fff5b4a9000 	C:\WINDOWS\system32\KERNEL32.DLL
0x00007fff59e80000 - 0x00007fff59f8f000 	C:\WINDOWS\system32\KERNELBASE.dll
0x00007fff57f10000 - 0x00007fff57f9b000 	C:\WINDOWS\system32\apphelp.dll
0x00007fff4ebb0000 - 0x00007fff4ebff000 	C:\WINDOWS\AppPatch\AppPatch64\AcGenral.DLL
0x00007fff5b090000 - 0x00007fff5b137000 	C:\WINDOWS\system32\msvcrt.dll
0x00007fff59bd0000 - 0x00007fff59bfb000 	C:\WINDOWS\SYSTEM32\SspiCli.dll
0x00007fff5a270000 - 0x00007fff5a2c1000 	C:\WINDOWS\system32\SHLWAPI.dll
0x00007fff5abe0000 - 0x00007fff5ad51000 	C:\WINDOWS\system32\USER32.dll
0x00007fff5b1f0000 - 0x00007fff5b366000 	C:\WINDOWS\system32\ole32.dll
0x00007fff5b4b0000 - 0x00007fff5c8c0000 	C:\WINDOWS\system32\SHELL32.dll
0x00007fff58f80000 - 0x00007fff58f9f000 	C:\WINDOWS\SYSTEM32\USERENV.dll
0x00007fff5b140000 - 0x00007fff5b1e5000 	C:\WINDOWS\system32\ADVAPI32.dll
0x00007fff516f0000 - 0x00007fff5170b000 	C:\WINDOWS\SYSTEM32\MPR.dll
0x00007fff5a790000 - 0x00007fff5a8c6000 	C:\WINDOWS\system32\RPCRT4.dll
0x00007fff5ad60000 - 0x00007fff5adb7000 	C:\WINDOWS\SYSTEM32\sechost.dll
0x00007fff5aea0000 - 0x00007fff5b077000 	C:\WINDOWS\SYSTEM32\combase.dll
0x00007fff5aa80000 - 0x00007fff5abc5000 	C:\WINDOWS\system32\GDI32.dll
0x00007fff59d60000 - 0x00007fff59d74000 	C:\WINDOWS\SYSTEM32\profapi.dll
0x00007fff597c0000 - 0x00007fff59861000 	C:\WINDOWS\SYSTEM32\SHCORE.dll
0x00007fff5ae60000 - 0x00007fff5ae94000 	C:\WINDOWS\system32\IMM32.DLL
0x00007fff5a8d0000 - 0x00007fff5aa08000 	C:\WINDOWS\system32\MSCTF.dll
0x00007fff59d10000 - 0x00007fff59d44000 	C:\Windows\system32\nvinitx.dll
0x000000000f000000 - 0x000000000f006000 	C:\Program Files\NVIDIA Corporation\CoProcManager\_etoured.dll
0x00007fff577a0000 - 0x00007fff577cd000 	C:\Program Files\NVIDIA Corporation\CoProcManager\nvd3d9wrapx.dll
0x00007fff5a4a0000 - 0x00007fff5a676000 	C:\WINDOWS\system32\SETUPAPI.dll
0x00007fff5a170000 - 0x00007fff5a1ba000 	C:\WINDOWS\system32\CFGMGR32.dll
0x00007fff57770000 - 0x00007fff57792000 	C:\Program Files\NVIDIA Corporation\CoProcManager\nvdxgiwrapx.dll
0x00007fff598e0000 - 0x00007fff59b3a000 	C:\WINDOWS\WinSxS\amd64_microsoft.windows.common-controls_6595b64144ccf1df_6.0.9600.16384_none_62475f7becb72503\COMCTL32.dll
0x000000005afb0000 - 0x000000005b081000 	C:\Program Files\Java\jre7\bin\msvcr100.dll
0x000000005a8a0000 - 0x000000005afaf000 	C:\Program Files\Java\jre7\bin\server\jvm.dll
0x00007fff515a0000 - 0x00007fff515a9000 	C:\WINDOWS\SYSTEM32\WSOCK32.dll
0x00007fff57350000 - 0x00007fff5736f000 	C:\WINDOWS\SYSTEM32\WINMM.dll
0x00007fff5abd0000 - 0x00007fff5abd7000 	C:\WINDOWS\system32\PSAPI.DLL
0x00007fff5c980000 - 0x00007fff5c9d8000 	C:\WINDOWS\system32\WS2_32.dll
0x00007fff57310000 - 0x00007fff5733a000 	C:\WINDOWS\SYSTEM32\WINMMBASE.dll
0x00007fff5aa70000 - 0x00007fff5aa79000 	C:\WINDOWS\system32\NSI.dll
0x00007fff58160000 - 0x00007fff58186000 	C:\WINDOWS\SYSTEM32\DEVOBJ.dll
0x000000005a890000 - 0x000000005a89f000 	C:\Program Files\Java\jre7\bin\verify.dll
0x000000005a860000 - 0x000000005a888000 	C:\Program Files\Java\jre7\bin\java.dll
0x000000005a840000 - 0x000000005a855000 	C:\Program Files\Java\jre7\bin\zip.dll

VM Arguments:
jvm_args: -Dfile.encoding=Cp1252 -Xbootclasspath:C:\Users\paeri_000\Downloads\adt-bundle-windows-x86_64-20131030\sdk\platforms\android-19\android.jar 
java_command: tson_utilities.User
Launcher Type: SUN_STANDARD

Environment Variables:
PATH=C:\Program Files (x86)\NVIDIA Corporation\PhysX\Common;C:\Program Files (x86)\CodeBlocks\MinGW\bin;C:\Program Files (x86)\Intel\iCLS Client\;C:\Program Files\Intel\iCLS Client\;C:\WINDOWS\system32;C:\WINDOWS;C:\WINDOWS\System32\Wbem;C:\WINDOWS\System32\WindowsPowerShell\v1.0\;C:\Program Files (x86)\Intel\OpenCL SDK\2.0\bin\x86;C:\Program Files (x86)\Intel\OpenCL SDK\2.0\bin\x64;C:\Program Files\Intel\Intel(R) Management Engine Components\DAL;C:\Program Files\Intel\Intel(R) Management Engine Components\IPT;C:\Program Files (x86)\Intel\Intel(R) Management Engine Components\DAL;C:\Program Files (x86)\Intel\Intel(R) Management Engine Components\IPT;C:\Program Files\Diskeeper Corporation\ExpressCache\;C:\Program Files\nodejs\;C:\Python27;C:\Python27\Scripts;C:\Program Files (x86)\Git\bin;C:\Program Files\Java\jdk\bin;C:\xampp\php;C:\Program Files (x86)\Subversion\bin;C:\Program Files\Intel\WiFi\bin\;C:\Program Files\Common Files\Intel\WirelessCommon\;C:\Program Files (x86)\MiKTeX 2.9\miktex\bin\;C:\Users\paeri_000\AppData\Roaming\npm; D:\CODEBLOCKS_INCLUDES\lpng162\lpng162
USERNAME=paeri_000
OS=Windows_NT
PROCESSOR_IDENTIFIER=Intel64 Family 6 Model 58 Stepping 9, GenuineIntel



---------------  S Y S T E M  ---------------

OS: Windows 8 , 64 bit Build 9200 

CPU:total 4 (2 cores per cpu, 2 threads per core) family 6 model 58 stepping 9, cmov, cx8, fxsr, mmx, sse, sse2, sse3, ssse3, sse4.1, sse4.2, popcnt, avx, ht, tsc, tscinvbit, tscinv

Memory: 4k page, physical 4077116k(287244k free), swap 8271420k(2487336k free)

vm_info: Java HotSpot(TM) 64-Bit Server VM (23.25-b01) for windows-amd64 JRE (1.7.0_25-b17), built on Jun 21 2013 12:58:32 by "java_re" with unknown MS VC++:1600

time: Tue Apr 01 13:52:36 2014
elapsed time: 0 seconds

